  [1m[35m (652.4ms)[0m  [1m[35mCREATE DATABASE "tunr_app_api_development" ENCODING = 'unicode'[0m
  [1m[35m (249.4ms)[0m  [1m[35mCREATE DATABASE "tunr_app_api_test" ENCODING = 'unicode'[0m
  [1m[35m (63.4ms)[0m  [1m[35mCREATE TABLE "schema_migrations" ("version" character varying NOT NULL PRIMARY KEY)[0m
  [1m[35m (31.3ms)[0m  [1m[35mCREATE TABLE "ar_internal_metadata" ("key" character varying NOT NULL PRIMARY KEY, "value" character varying, "created_at" timestamp(6) NOT NULL, "updated_at" timestamp(6) NOT NULL)[0m
  [1m[35m (0.5ms)[0m  [1m[34mSELECT pg_try_advisory_lock(1874975070089793210)[0m
  [1m[35m (1.1ms)[0m  [1m[34mSELECT "schema_migrations"."version" FROM "schema_migrations" ORDER BY "schema_migrations"."version" ASC[0m
Migrating to CreateSongs (20200806151251)
  [1m[35m (9.6ms)[0m  [1m[35mBEGIN[0m
  [1m[35m (18.6ms)[0m  [1m[35mCREATE TABLE "songs" ("id" bigserial primary key, "title" character varying, "artist" character varying, "time" decimal(8,2), "created_at" timestamp(6) NOT NULL, "updated_at" timestamp(6) NOT NULL)[0m
  [1m[36mprimary::SchemaMigration Create (0.8ms)[0m  [1m[32mINSERT INTO "schema_migrations" ("version") VALUES ($1) RETURNING "version"[0m  [["version", "20200806151251"]]
  [1m[35m (1.3ms)[0m  [1m[35mCOMMIT[0m
Migrating to CreatePlaylists (20200806151326)
  [1m[35m (25.8ms)[0m  [1m[35mBEGIN[0m
  [1m[35m (5.1ms)[0m  [1m[35mCREATE TABLE "playlists" ("id" bigserial primary key, "name" character varying, "created_at" timestamp(6) NOT NULL, "updated_at" timestamp(6) NOT NULL)[0m
  [1m[36mprimary::SchemaMigration Create (0.4ms)[0m  [1m[32mINSERT INTO "schema_migrations" ("version") VALUES ($1) RETURNING "version"[0m  [["version", "20200806151326"]]
  [1m[35m (0.5ms)[0m  [1m[35mCOMMIT[0m
  [1m[36mActiveRecord::InternalMetadata Load (25.6ms)[0m  [1m[34mSELECT "ar_internal_metadata".* FROM "ar_internal_metadata" WHERE "ar_internal_metadata"."key" = $1 LIMIT $2[0m  [["key", "environment"], ["LIMIT", 1]]
  [1m[35m (0.2ms)[0m  [1m[35mBEGIN[0m
  [1m[36mActiveRecord::InternalMetadata Create (0.8ms)[0m  [1m[32mINSERT INTO "ar_internal_metadata" ("key", "value", "created_at", "updated_at") VALUES ($1, $2, $3, $4) RETURNING "key"[0m  [["key", "environment"], ["value", "development"], ["created_at", "2020-08-06 15:14:39.743131"], ["updated_at", "2020-08-06 15:14:39.743131"]]
  [1m[35m (0.5ms)[0m  [1m[35mCOMMIT[0m
  [1m[35m (0.5ms)[0m  [1m[34mSELECT pg_advisory_unlock(1874975070089793210)[0m
  [1m[35m (1.3ms)[0m  [1m[34mSELECT "schema_migrations"."version" FROM "schema_migrations" ORDER BY "schema_migrations"."version" ASC[0m
  [1m[35m (0.5ms)[0m  [1m[34mSELECT pg_try_advisory_lock(1874975070089793210)[0m
  [1m[35m (1.2ms)[0m  [1m[34mSELECT "schema_migrations"."version" FROM "schema_migrations" ORDER BY "schema_migrations"."version" ASC[0m
  [1m[36mActiveRecord::InternalMetadata Load (2.0ms)[0m  [1m[34mSELECT "ar_internal_metadata".* FROM "ar_internal_metadata" WHERE "ar_internal_metadata"."key" = $1 LIMIT $2[0m  [["key", "environment"], ["LIMIT", 1]]
  [1m[35m (0.4ms)[0m  [1m[34mSELECT pg_advisory_unlock(1874975070089793210)[0m
  [1m[35m (2.4ms)[0m  [1m[34mSELECT "schema_migrations"."version" FROM "schema_migrations" ORDER BY "schema_migrations"."version" ASC[0m
  [1m[35m (1.2ms)[0m  [1m[34mSELECT "schema_migrations"."version" FROM "schema_migrations" ORDER BY "schema_migrations"."version" ASC[0m
  [1m[35m (0.3ms)[0m  [1m[34mSELECT "schema_migrations"."version" FROM "schema_migrations" ORDER BY "schema_migrations"."version" ASC[0m
  [1m[35m (0.3ms)[0m  [1m[34mSELECT "schema_migrations"."version" FROM "schema_migrations" ORDER BY "schema_migrations"."version" ASC[0m
  [1m[35m (0.3ms)[0m  [1m[34mSELECT pg_try_advisory_lock(1874975070089793210)[0m
  [1m[35m (0.5ms)[0m  [1m[34mSELECT "schema_migrations"."version" FROM "schema_migrations" ORDER BY "schema_migrations"."version" ASC[0m
Migrating to CreatePlaylists (20200806151326)
  [1m[35m (21.4ms)[0m  [1m[35mBEGIN[0m
  [1m[35m (6.1ms)[0m  [1m[35mDROP TABLE "playlists"[0m
  [1m[36mprimary::SchemaMigration Destroy (1.4ms)[0m  [1m[31mDELETE FROM "schema_migrations" WHERE "schema_migrations"."version" = $1[0m  [["version", "20200806151326"]]
  [1m[35m (5.9ms)[0m  [1m[35mCOMMIT[0m
  [1m[35m (0.6ms)[0m  [1m[34mSELECT pg_advisory_unlock(1874975070089793210)[0m
  [1m[35m (1.1ms)[0m  [1m[34mSELECT "schema_migrations"."version" FROM "schema_migrations" ORDER BY "schema_migrations"."version" ASC[0m
  [1m[35m (1.2ms)[0m  [1m[34mSELECT "schema_migrations"."version" FROM "schema_migrations" ORDER BY "schema_migrations"."version" ASC[0m
  [1m[35m (0.4ms)[0m  [1m[34mSELECT "schema_migrations"."version" FROM "schema_migrations" ORDER BY "schema_migrations"."version" ASC[0m
  [1m[35m (0.4ms)[0m  [1m[34mSELECT "schema_migrations"."version" FROM "schema_migrations" ORDER BY "schema_migrations"."version" ASC[0m
  [1m[35m (0.3ms)[0m  [1m[34mSELECT pg_try_advisory_lock(1874975070089793210)[0m
  [1m[35m (0.3ms)[0m  [1m[34mSELECT "schema_migrations"."version" FROM "schema_migrations" ORDER BY "schema_migrations"."version" ASC[0m
Migrating to CreateSongs (20200806151251)
  [1m[35m (22.3ms)[0m  [1m[35mBEGIN[0m
  [1m[35m (3.6ms)[0m  [1m[35mDROP TABLE "songs"[0m
  [1m[36mprimary::SchemaMigration Destroy (0.7ms)[0m  [1m[31mDELETE FROM "schema_migrations" WHERE "schema_migrations"."version" = $1[0m  [["version", "20200806151251"]]
  [1m[35m (2.6ms)[0m  [1m[35mCOMMIT[0m
  [1m[35m (0.6ms)[0m  [1m[34mSELECT pg_advisory_unlock(1874975070089793210)[0m
  [1m[35m (0.9ms)[0m  [1m[34mSELECT "schema_migrations"."version" FROM "schema_migrations" ORDER BY "schema_migrations"."version" ASC[0m
  [1m[35m (0.2ms)[0m  [1m[34mSELECT pg_try_advisory_lock(1874975070089793210)[0m
  [1m[35m (1.4ms)[0m  [1m[34mSELECT "schema_migrations"."version" FROM "schema_migrations" ORDER BY "schema_migrations"."version" ASC[0m
Migrating to CreateSongs (20200806151251)
  [1m[35m (2.4ms)[0m  [1m[35mBEGIN[0m
  [1m[35m (34.2ms)[0m  [1m[35mCREATE TABLE "songs" ("id" bigserial primary key, "title" character varying, "artist" character varying, "time" time, "created_at" timestamp(6) NOT NULL, "updated_at" timestamp(6) NOT NULL)[0m
  [1m[36mprimary::SchemaMigration Create (0.7ms)[0m  [1m[32mINSERT INTO "schema_migrations" ("version") VALUES ($1) RETURNING "version"[0m  [["version", "20200806151251"]]
  [1m[35m (0.7ms)[0m  [1m[35mCOMMIT[0m
Migrating to CreatePlaylists (20200806151326)
  [1m[35m (0.5ms)[0m  [1m[35mBEGIN[0m
  [1m[35m (32.3ms)[0m  [1m[35mCREATE TABLE "playlists" ("id" bigserial primary key, "name" character varying, "created_at" timestamp(6) NOT NULL, "updated_at" timestamp(6) NOT NULL)[0m
  [1m[36mprimary::SchemaMigration Create (0.8ms)[0m  [1m[32mINSERT INTO "schema_migrations" ("version") VALUES ($1) RETURNING "version"[0m  [["version", "20200806151326"]]
  [1m[35m (0.6ms)[0m  [1m[35mCOMMIT[0m
  [1m[36mActiveRecord::InternalMetadata Load (1.8ms)[0m  [1m[34mSELECT "ar_internal_metadata".* FROM "ar_internal_metadata" WHERE "ar_internal_metadata"."key" = $1 LIMIT $2[0m  [["key", "environment"], ["LIMIT", 1]]
  [1m[35m (0.4ms)[0m  [1m[34mSELECT pg_advisory_unlock(1874975070089793210)[0m
  [1m[35m (1.8ms)[0m  [1m[34mSELECT "schema_migrations"."version" FROM "schema_migrations" ORDER BY "schema_migrations"."version" ASC[0m
  [1m[35m (1.3ms)[0m  [1m[34mSELECT "schema_migrations"."version" FROM "schema_migrations" ORDER BY "schema_migrations"."version" ASC[0m
  [1m[35m (3.2ms)[0m  [1m[34mSELECT "schema_migrations"."version" FROM "schema_migrations" ORDER BY "schema_migrations"."version" ASC[0m
  [1m[35m (0.2ms)[0m  [1m[35mBEGIN[0m
  [1m[36mSong Create (1.5ms)[0m  [1m[32mINSERT INTO "songs" ("title", "artist", "created_at", "updated_at") VALUES ($1, $2, $3, $4) RETURNING "id"[0m  [["title", "Stand Tall"], ["artist", "Dirty Heads"], ["created_at", "2020-08-06 15:28:53.329442"], ["updated_at", "2020-08-06 15:28:53.329442"]]
  [1m[35m (0.6ms)[0m  [1m[35mCOMMIT[0m
Started GET "/" for ::1 at 2020-08-06 11:29:21 -0400
  [1m[35m (2.6ms)[0m  [1m[34mSELECT "schema_migrations"."version" FROM "schema_migrations" ORDER BY "schema_migrations"."version" ASC[0m
Processing by Rails::WelcomeController#index as HTML
  Rendering /Library/Ruby/Gems/2.6.0/gems/railties-6.0.3.2/lib/rails/templates/rails/welcome/index.html.erb
  Rendered /Library/Ruby/Gems/2.6.0/gems/railties-6.0.3.2/lib/rails/templates/rails/welcome/index.html.erb (Duration: 21.9ms | Allocations: 469)
Completed 200 OK in 89ms (Views: 62.0ms | ActiveRecord: 0.0ms | Allocations: 2529)


Started GET "/songs" for ::1 at 2020-08-06 11:29:32 -0400
Processing by SongsController#index as HTML
  [1m[36mSong Load (1.3ms)[0m  [1m[34mSELECT "songs".* FROM "songs"[0m
  ↳ app/controllers/songs_controller.rb:8:in `index'
Completed 200 OK in 97ms (Views: 13.1ms | ActiveRecord: 80.9ms | Allocations: 5716)


  [1m[35m (1.6ms)[0m  [1m[34mSELECT "schema_migrations"."version" FROM "schema_migrations" ORDER BY "schema_migrations"."version" ASC[0m
  [1m[35m (0.5ms)[0m  [1m[34mSELECT "schema_migrations"."version" FROM "schema_migrations" ORDER BY "schema_migrations"."version" ASC[0m
  [1m[35m (0.3ms)[0m  [1m[34mSELECT "schema_migrations"."version" FROM "schema_migrations" ORDER BY "schema_migrations"."version" ASC[0m
  [1m[35m (0.3ms)[0m  [1m[34mSELECT pg_try_advisory_lock(1874975070089793210)[0m
  [1m[35m (0.4ms)[0m  [1m[34mSELECT "schema_migrations"."version" FROM "schema_migrations" ORDER BY "schema_migrations"."version" ASC[0m
Migrating to CreatePlaylists (20200806151326)
  [1m[35m (19.9ms)[0m  [1m[35mBEGIN[0m
  [1m[35m (3.3ms)[0m  [1m[35mDROP TABLE "playlists"[0m
  [1m[36mprimary::SchemaMigration Destroy (43.4ms)[0m  [1m[31mDELETE FROM "schema_migrations" WHERE "schema_migrations"."version" = $1[0m  [["version", "20200806151326"]]
  [1m[35m (3.6ms)[0m  [1m[35mCOMMIT[0m
  [1m[35m (4.0ms)[0m  [1m[34mSELECT pg_advisory_unlock(1874975070089793210)[0m
  [1m[35m (1.0ms)[0m  [1m[34mSELECT "schema_migrations"."version" FROM "schema_migrations" ORDER BY "schema_migrations"."version" ASC[0m
  [1m[35m (1.2ms)[0m  [1m[34mSELECT "schema_migrations"."version" FROM "schema_migrations" ORDER BY "schema_migrations"."version" ASC[0m
  [1m[35m (0.4ms)[0m  [1m[34mSELECT "schema_migrations"."version" FROM "schema_migrations" ORDER BY "schema_migrations"."version" ASC[0m
  [1m[35m (0.3ms)[0m  [1m[34mSELECT "schema_migrations"."version" FROM "schema_migrations" ORDER BY "schema_migrations"."version" ASC[0m
  [1m[35m (0.3ms)[0m  [1m[34mSELECT pg_try_advisory_lock(1874975070089793210)[0m
  [1m[35m (0.3ms)[0m  [1m[34mSELECT "schema_migrations"."version" FROM "schema_migrations" ORDER BY "schema_migrations"."version" ASC[0m
Migrating to CreateSongs (20200806151251)
  [1m[35m (0.2ms)[0m  [1m[35mBEGIN[0m
  [1m[35m (25.3ms)[0m  [1m[35mDROP TABLE "songs"[0m
  [1m[36mprimary::SchemaMigration Destroy (0.6ms)[0m  [1m[31mDELETE FROM "schema_migrations" WHERE "schema_migrations"."version" = $1[0m  [["version", "20200806151251"]]
  [1m[35m (10.5ms)[0m  [1m[35mCOMMIT[0m
  [1m[35m (0.4ms)[0m  [1m[34mSELECT pg_advisory_unlock(1874975070089793210)[0m
  [1m[35m (1.1ms)[0m  [1m[34mSELECT "schema_migrations"."version" FROM "schema_migrations" ORDER BY "schema_migrations"."version" ASC[0m
  [1m[35m (0.3ms)[0m  [1m[34mSELECT pg_try_advisory_lock(1874975070089793210)[0m
  [1m[35m (1.7ms)[0m  [1m[34mSELECT "schema_migrations"."version" FROM "schema_migrations" ORDER BY "schema_migrations"."version" ASC[0m
Migrating to CreateSongs (20200806151251)
  [1m[35m (0.2ms)[0m  [1m[35mBEGIN[0m
  [1m[35m (37.6ms)[0m  [1m[35mCREATE TABLE "songs" ("id" bigserial primary key, "title" character varying, "artist" character varying, "time" integer, "created_at" timestamp(6) NOT NULL, "updated_at" timestamp(6) NOT NULL)[0m
  [1m[36mprimary::SchemaMigration Create (11.5ms)[0m  [1m[32mINSERT INTO "schema_migrations" ("version") VALUES ($1) RETURNING "version"[0m  [["version", "20200806151251"]]
  [1m[35m (0.8ms)[0m  [1m[35mCOMMIT[0m
Migrating to CreatePlaylists (20200806151326)
  [1m[35m (0.5ms)[0m  [1m[35mBEGIN[0m
  [1m[35m (44.0ms)[0m  [1m[35mCREATE TABLE "playlists" ("id" bigserial primary key, "name" character varying, "created_at" timestamp(6) NOT NULL, "updated_at" timestamp(6) NOT NULL)[0m
  [1m[36mprimary::SchemaMigration Create (0.4ms)[0m  [1m[32mINSERT INTO "schema_migrations" ("version") VALUES ($1) RETURNING "version"[0m  [["version", "20200806151326"]]
  [1m[35m (0.5ms)[0m  [1m[35mCOMMIT[0m
  [1m[36mActiveRecord::InternalMetadata Load (0.6ms)[0m  [1m[34mSELECT "ar_internal_metadata".* FROM "ar_internal_metadata" WHERE "ar_internal_metadata"."key" = $1 LIMIT $2[0m  [["key", "environment"], ["LIMIT", 1]]
  [1m[35m (0.5ms)[0m  [1m[34mSELECT pg_advisory_unlock(1874975070089793210)[0m
  [1m[35m (1.4ms)[0m  [1m[34mSELECT "schema_migrations"."version" FROM "schema_migrations" ORDER BY "schema_migrations"."version" ASC[0m
  [1m[35m (1.1ms)[0m  [1m[34mSELECT "schema_migrations"."version" FROM "schema_migrations" ORDER BY "schema_migrations"."version" ASC[0m
  [1m[35m (0.2ms)[0m  [1m[35mBEGIN[0m
  [1m[36mSong Create (26.7ms)[0m  [1m[32mINSERT INTO "songs" ("title", "artist", "time", "created_at", "updated_at") VALUES ($1, $2, $3, $4, $5) RETURNING "id"[0m  [["title", "Stand Tall"], ["artist", "Dirty Heads"], ["time", 191], ["created_at", "2020-08-06 15:36:21.697195"], ["updated_at", "2020-08-06 15:36:21.697195"]]
  [1m[35m (0.9ms)[0m  [1m[35mCOMMIT[0m
Started GET "/songs" for ::1 at 2020-08-06 11:36:44 -0400
  [1m[35m (3.6ms)[0m  [1m[34mSELECT "schema_migrations"."version" FROM "schema_migrations" ORDER BY "schema_migrations"."version" ASC[0m
Processing by SongsController#index as HTML
  [1m[36mSong Load (18.8ms)[0m  [1m[34mSELECT "songs".* FROM "songs"[0m
  ↳ app/controllers/songs_controller.rb:8:in `index'
Completed 200 OK in 91ms (Views: 15.1ms | ActiveRecord: 69.1ms | Allocations: 5695)


  [1m[35m (1.1ms)[0m  [1m[34mSELECT "schema_migrations"."version" FROM "schema_migrations" ORDER BY "schema_migrations"."version" ASC[0m
  [1m[35m (0.2ms)[0m  [1m[35mBEGIN[0m
  [1m[36mSong Create (0.9ms)[0m  [1m[32mINSERT INTO "songs" ("title", "artist", "time", "created_at", "updated_at") VALUES ($1, $2, $3, $4, $5) RETURNING "id"[0m  [["title", "Stand Tall"], ["artist", "Dirty Heads"], ["time", 191], ["created_at", "2020-08-06 15:40:57.997735"], ["updated_at", "2020-08-06 15:40:57.997735"]]
  [1m[35m (1.0ms)[0m  [1m[35mCOMMIT[0m
  [1m[35m (0.2ms)[0m  [1m[35mBEGIN[0m
  [1m[36mSong Create (0.4ms)[0m  [1m[32mINSERT INTO "songs" ("title", "artist", "time", "created_at", "updated_at") VALUES ($1, $2, $3, $4, $5) RETURNING "id"[0m  [["title", "Kick Down"], ["artist", "Long Beach Dub Allstars"], ["time", 284], ["created_at", "2020-08-06 15:40:58.004304"], ["updated_at", "2020-08-06 15:40:58.004304"]]
  [1m[35m (26.0ms)[0m  [1m[35mCOMMIT[0m
  [1m[35m (0.3ms)[0m  [1m[35mBEGIN[0m
  [1m[36mSong Create (0.6ms)[0m  [1m[32mINSERT INTO "songs" ("title", "artist", "time", "created_at", "updated_at") VALUES ($1, $2, $3, $4, $5) RETURNING "id"[0m  [["title", "Takin My Time"], ["artist", "Aer"], ["time", 181], ["created_at", "2020-08-06 15:40:58.035983"], ["updated_at", "2020-08-06 15:40:58.035983"]]
  [1m[35m (0.6ms)[0m  [1m[35mCOMMIT[0m
  [1m[35m (0.2ms)[0m  [1m[35mBEGIN[0m
  [1m[36mSong Create (0.4ms)[0m  [1m[32mINSERT INTO "songs" ("title", "artist", "time", "created_at", "updated_at") VALUES ($1, $2, $3, $4, $5) RETURNING "id"[0m  [["title", "Smell These Roses"], ["artist", "The Holdup"], ["time", 243], ["created_at", "2020-08-06 15:40:58.043677"], ["updated_at", "2020-08-06 15:40:58.043677"]]
  [1m[35m (0.5ms)[0m  [1m[35mCOMMIT[0m
  [1m[35m (0.2ms)[0m  [1m[35mBEGIN[0m
  [1m[36mPlaylist Create (1.2ms)[0m  [1m[32mINSERT INTO "playlists" ("name", "created_at", "updated_at") VALUES ($1, $2, $3) RETURNING "id"[0m  [["name", "Reggae"], ["created_at", "2020-08-06 15:40:58.092869"], ["updated_at", "2020-08-06 15:40:58.092869"]]
  [1m[35m (0.6ms)[0m  [1m[35mCOMMIT[0m
Started GET "/songs" for ::1 at 2020-08-06 11:41:05 -0400
Processing by SongsController#index as HTML
  [1m[36mSong Load (0.4ms)[0m  [1m[34mSELECT "songs".* FROM "songs"[0m
  ↳ app/controllers/songs_controller.rb:8:in `index'
Completed 200 OK in 3ms (Views: 2.6ms | ActiveRecord: 0.4ms | Allocations: 1468)


  [1m[36mSong Load (0.6ms)[0m  [1m[34mSELECT "songs".* FROM "songs" WHERE "songs"."id" = $1 LIMIT $2[0m  [["id", 1], ["LIMIT", 1]]
  [1m[35m (25.6ms)[0m  [1m[35mBEGIN[0m
  [1m[36mSong Destroy (1.4ms)[0m  [1m[31mDELETE FROM "songs" WHERE "songs"."id" = $1[0m  [["id", 1]]
  [1m[35m (1.9ms)[0m  [1m[35mCOMMIT[0m
Started GET "/songs" for ::1 at 2020-08-06 11:41:47 -0400
Processing by SongsController#index as HTML
  [1m[36mSong Load (0.5ms)[0m  [1m[34mSELECT "songs".* FROM "songs"[0m
  ↳ app/controllers/songs_controller.rb:8:in `index'
Completed 200 OK in 4ms (Views: 3.2ms | ActiveRecord: 0.5ms | Allocations: 1343)


Started GET "/playlists" for ::1 at 2020-08-06 11:42:13 -0400
Processing by PlaylistsController#index as HTML
  [1m[36mPlaylist Load (21.4ms)[0m  [1m[34mSELECT "playlists".* FROM "playlists"[0m
  ↳ app/controllers/playlists_controller.rb:8:in `index'
Completed 200 OK in 42ms (Views: 8.5ms | ActiveRecord: 30.3ms | Allocations: 3741)


  [1m[35m (0.3ms)[0m  [1m[34mSELECT pg_try_advisory_lock(1874975070089793210)[0m
  [1m[35m (1.1ms)[0m  [1m[34mSELECT "schema_migrations"."version" FROM "schema_migrations" ORDER BY "schema_migrations"."version" ASC[0m
Migrating to CreateJoins (20200806154609)
  [1m[35m (0.2ms)[0m  [1m[35mBEGIN[0m
  [1m[35m (42.7ms)[0m  [1m[35mCREATE TABLE "joins" ("id" bigserial primary key, "song_id" bigint NOT NULL, "playlist_id" bigint NOT NULL, "created_at" timestamp(6) NOT NULL, "updated_at" timestamp(6) NOT NULL, CONSTRAINT "fk_rails_3bfed56253"
FOREIGN KEY ("song_id")
  REFERENCES "songs" ("id")
, CONSTRAINT "fk_rails_e40fca7753"
FOREIGN KEY ("playlist_id")
  REFERENCES "playlists" ("id")
)[0m
  [1m[35m (3.4ms)[0m  [1m[35mCREATE  INDEX  "index_joins_on_song_id" ON "joins"  ("song_id")[0m
  [1m[35m (1.8ms)[0m  [1m[35mCREATE  INDEX  "index_joins_on_playlist_id" ON "joins"  ("playlist_id")[0m
  [1m[36mprimary::SchemaMigration Create (0.5ms)[0m  [1m[32mINSERT INTO "schema_migrations" ("version") VALUES ($1) RETURNING "version"[0m  [["version", "20200806154609"]]
  [1m[35m (0.6ms)[0m  [1m[35mCOMMIT[0m
  [1m[36mActiveRecord::InternalMetadata Load (0.6ms)[0m  [1m[34mSELECT "ar_internal_metadata".* FROM "ar_internal_metadata" WHERE "ar_internal_metadata"."key" = $1 LIMIT $2[0m  [["key", "environment"], ["LIMIT", 1]]
  [1m[35m (0.4ms)[0m  [1m[34mSELECT pg_advisory_unlock(1874975070089793210)[0m
  [1m[35m (1.2ms)[0m  [1m[34mSELECT "schema_migrations"."version" FROM "schema_migrations" ORDER BY "schema_migrations"."version" ASC[0m
  [1m[36mSong Load (2.6ms)[0m  [1m[34mSELECT "songs".* FROM "songs"[0m
  [1m[35m (11.9ms)[0m  [1m[35mBEGIN[0m
  [1m[36mSong Load (0.3ms)[0m  [1m[34mSELECT "songs".* FROM "songs" WHERE "songs"."id" = $1 LIMIT $2[0m  [["id", 2], ["LIMIT", 1]]
  [1m[36mPlaylist Load (0.7ms)[0m  [1m[34mSELECT "playlists".* FROM "playlists" WHERE "playlists"."id" = $1 LIMIT $2[0m  [["id", 1], ["LIMIT", 1]]
  [1m[36mJoin Create (33.0ms)[0m  [1m[32mINSERT INTO "joins" ("song_id", "playlist_id", "created_at", "updated_at") VALUES ($1, $2, $3, $4) RETURNING "id"[0m  [["song_id", 2], ["playlist_id", 1], ["created_at", "2020-08-06 15:55:10.980683"], ["updated_at", "2020-08-06 15:55:10.980683"]]
  [1m[35m (0.6ms)[0m  [1m[35mCOMMIT[0m
Started GET "/join" for ::1 at 2020-08-06 11:55:18 -0400
  [1m[35m (1.4ms)[0m  [1m[34mSELECT "schema_migrations"."version" FROM "schema_migrations" ORDER BY "schema_migrations"."version" ASC[0m
  
ActionController::RoutingError (No route matches [GET] "/join"):
  
actionpack (6.0.3.2) lib/action_dispatch/middleware/debug_exceptions.rb:36:in `call'
actionpack (6.0.3.2) lib/action_dispatch/middleware/show_exceptions.rb:33:in `call'
railties (6.0.3.2) lib/rails/rack/logger.rb:37:in `call_app'
railties (6.0.3.2) lib/rails/rack/logger.rb:26:in `block in call'
activesupport (6.0.3.2) lib/active_support/tagged_logging.rb:80:in `block in tagged'
activesupport (6.0.3.2) lib/active_support/tagged_logging.rb:28:in `tagged'
activesupport (6.0.3.2) lib/active_support/tagged_logging.rb:80:in `tagged'
railties (6.0.3.2) lib/rails/rack/logger.rb:26:in `call'
actionpack (6.0.3.2) lib/action_dispatch/middleware/remote_ip.rb:81:in `call'
actionpack (6.0.3.2) lib/action_dispatch/middleware/request_id.rb:27:in `call'
rack (2.2.3) lib/rack/runtime.rb:22:in `call'
activesupport (6.0.3.2) lib/active_support/cache/strategy/local_cache_middleware.rb:29:in `call'
actionpack (6.0.3.2) lib/action_dispatch/middleware/executor.rb:14:in `call'
actionpack (6.0.3.2) lib/action_dispatch/middleware/static.rb:126:in `call'
rack (2.2.3) lib/rack/sendfile.rb:110:in `call'
actionpack (6.0.3.2) lib/action_dispatch/middleware/host_authorization.rb:82:in `call'
railties (6.0.3.2) lib/rails/engine.rb:527:in `call'
puma (4.3.5) lib/puma/configuration.rb:228:in `call'
puma (4.3.5) lib/puma/server.rb:713:in `handle_request'
puma (4.3.5) lib/puma/server.rb:472:in `process_client'
puma (4.3.5) lib/puma/server.rb:328:in `block in run'
puma (4.3.5) lib/puma/thread_pool.rb:134:in `block in spawn_thread'
Started GET "/joins" for ::1 at 2020-08-06 11:55:21 -0400
Processing by JoinsController#index as HTML
  [1m[36mJoin Load (19.6ms)[0m  [1m[34mSELECT "joins".* FROM "joins"[0m
  ↳ app/controllers/joins_controller.rb:8:in `index'
Completed 200 OK in 53ms (Views: 10.9ms | ActiveRecord: 36.4ms | Allocations: 5592)


Started GET "/joins" for ::1 at 2020-08-06 11:57:51 -0400
Processing by JoinsController#index as HTML
  [1m[36mJoin Load (0.4ms)[0m  [1m[34mSELECT "joins".* FROM "joins"[0m
  ↳ app/controllers/joins_controller.rb:8:in `index'
Completed 200 OK in 20ms (Views: 8.0ms | ActiveRecord: 7.8ms | Allocations: 4952)


  [1m[36mPlaylist Load (1.8ms)[0m  [1m[34mSELECT "playlists".* FROM "playlists" WHERE "playlists"."id" = $1 LIMIT $2[0m  [["id", 1], ["LIMIT", 1]]
  [1m[36mPlaylist Load (0.6ms)[0m  [1m[34mSELECT "playlists".* FROM "playlists" WHERE "playlists"."id" = $1 LIMIT $2[0m  [["id", 1], ["LIMIT", 1]]
  [1m[36mSong Load (1.7ms)[0m  [1m[34mSELECT "songs".* FROM "songs" INNER JOIN "joins" ON "songs"."id" = "joins"."song_id" WHERE "joins"."playlist_id" = $1[0m  [["playlist_id", 1]]
  [1m[36mSong Load (1.3ms)[0m  [1m[34mSELECT "songs".* FROM "songs" WHERE "songs"."id" = $1 LIMIT $2[0m  [["id", 2], ["LIMIT", 1]]
  [1m[36mPlaylist Load (0.8ms)[0m  [1m[34mSELECT "playlists".* FROM "playlists" INNER JOIN "joins" ON "playlists"."id" = "joins"."playlist_id" WHERE "joins"."song_id" = $1[0m  [["song_id", 2]]
